<?xml version="1.0" encoding="utf-8" standalone="no"?>
<!--This file represents the results of running a test suite-->
<test-results name="C:\Users\Rostislav\Documents\Telerik Academy\High-Quality Code\11. Unit Testing\Homework\SantaseGameEngine.Deck.Tests\SantaseGameEngine.Deck.Tests\bin\Debug\SantaseGameEngine.Deck.Tests.dll" total="7" errors="0" failures="0" not-run="0" inconclusive="0" ignored="0" skipped="0" invalid="0" date="2015-08-09" time="19:38:04">
  <environment nunit-version="2.6.4.14350" clr-version="2.0.50727.8662" os-version="Microsoft Windows NT 6.2.9200.0" platform="Win32NT" cwd="C:\Program Files (x86)\NUnit 2.6.4\bin" machine-name="ROSTIK" user="Rostislav" user-domain="ROSTIK" />
  <culture-info current-culture="en-US" current-uiculture="en-US" />
  <test-suite type="Assembly" name="C:\Users\Rostislav\Documents\Telerik Academy\High-Quality Code\11. Unit Testing\Homework\SantaseGameEngine.Deck.Tests\SantaseGameEngine.Deck.Tests\bin\Debug\SantaseGameEngine.Deck.Tests.dll" executed="True" result="Success" success="True" time="0.466" asserts="0">
    <results>
      <test-suite type="Namespace" name="SantaseGameEngine" executed="True" result="Success" success="True" time="0.425" asserts="0">
        <results>
          <test-suite type="Namespace" name="Tests" executed="True" result="Success" success="True" time="0.424" asserts="0">
            <results>
              <test-suite type="TestFixture" name="DeckTests" executed="True" result="Success" success="True" time="0.420" asserts="0">
                <results>
                  <test-case name="SantaseGameEngine.Tests.DeckTests.ChangingTrumpCardShouldNotThrow" executed="True" result="Success" success="True" time="0.280" asserts="0" />
                  <test-suite type="ParameterizedTest" name="ReturningRightAmountOfCards" executed="True" result="Success" success="True" time="0.077" asserts="0">
                    <results>
                      <test-case name="SantaseGameEngine.Tests.DeckTests.ReturningRightAmountOfCards(2)" executed="True" result="Success" success="True" time="0.042" asserts="1" />
                      <test-case name="SantaseGameEngine.Tests.DeckTests.ReturningRightAmountOfCards(6)" executed="True" result="Success" success="True" time="0.000" asserts="1" />
                      <test-case name="SantaseGameEngine.Tests.DeckTests.ReturningRightAmountOfCards(9)" executed="True" result="Success" success="True" time="0.000" asserts="1" />
                      <test-case name="SantaseGameEngine.Tests.DeckTests.ReturningRightAmountOfCards(18)" executed="True" result="Success" success="True" time="0.000" asserts="1" />
                      <test-case name="SantaseGameEngine.Tests.DeckTests.ReturningRightAmountOfCards(21)" executed="True" result="Success" success="True" time="0.000" asserts="1" />
                    </results>
                  </test-suite>
                  <test-case name="SantaseGameEngine.Tests.DeckTests.ThrowExceptionOnGettingNextCartOnEmptyDeck" executed="True" result="Success" success="True" time="0.012" asserts="0" />
                </results>
              </test-suite>
            </results>
          </test-suite>
        </results>
      </test-suite>
    </results>
  </test-suite>
</test-results>